Failed to start server MongooseServerSelectionError: Could not connect to any servers in your MongoDB Atlas cluster. One common reason is that you're trying to access the database from an IP that isn't whitelisted. Make sure your current IP address is on your Atlas cluster's IP whitelist: https://www.mongodb.com/docs/atlas/security-whitelist/
    at _handleConnectionErrors (C:\Users\diwak\Downloads\RESTAURANT FINDER\final one\backend\node_modules\mongoose\lib\connection.js:1169:11)
    at NativeConnection.openUri (C:\Users\diwak\Downloads\RESTAURANT FINDER\final one\backend\node_modules\mongoose\lib\connection.js:1100:11)
    at async connectDB (C:\Users\diwak\Downloads\RESTAURANT FINDER\final one\backend\src\config\db.js:10:3)
    at async startServer (C:\Users\diwak\Downloads\RESTAURANT FINDER\final one\backend\src\server.js:6:3) {
  errorLabelSet: Set(0) {},
  reason: TopologyDescription {
    type: 'ReplicaSetNoPrimary',
    servers: Map(3) {
      'ac-cwmtf2r-shard-00-01.ntff9u4.mongodb.net:27017' => [ServerDescription],
      'ac-cwmtf2r-shard-00-02.ntff9u4.mongodb.net:27017' => [ServerDescription],
      'ac-cwmtf2r-shard-00-00.ntff9u4.mongodb.net:27017' => [ServerDescription]
    },
    stale: false,
    compatible: true,
    heartbeatFrequencyMS: 10000,
    localThresholdMS: 15,
    setName: 'atlas-anw8ef-shard-0',
    maxElectionId: null,
    maxSetVersion: null,
    commonWireVersion: 0,
    logicalSessionTimeoutMinutes: null
  },
  code: undefined,
  cause: TopologyDescription {
    type: 'ReplicaSetNoPrimary',
    servers: Map(3) {
      'ac-cwmtf2r-shard-00-01.ntff9u4.mongodb.net:27017' => [ServerDescription],
      'ac-cwmtf2r-shard-00-02.ntff9u4.mongodb.net:27017' => [ServerDescription],
      'ac-cwmtf2r-shard-00-00.ntff9u4.mongodb.net:27017' => [ServerDescription]
    },
    stale: false,
    compatible: true,
    heartbeatFrequencyMS: 10000,
    localThresholdMS: 15,
    setName: 'atlas-anw8ef-shard-0',
    maxElectionId: null,
    maxSetVersion: null,
    commonWireVersion: 0,
    logicalSessionTimeoutMinutes: null
  }
}
